Handling lib "ca-bundle"...
The --lib flag was not given for it, checking repository
Prepared local dir: "C:\\Users\\dom\\.mos\\libs-1.18\\ca-bundle-1.18"
Handling lib "rpc-service-config"...
The --lib flag was not given for it, checking repository
Prepared local dir: "C:\\Users\\dom\\.mos\\libs-1.18\\rpc-service-config-1.18"
Handling lib "rpc-common"...
The --lib flag was not given for it, checking repository
Prepared local dir: "C:\\Users\\dom\\.mos\\libs-1.18\\rpc-common-1.18"
Handling lib "http-server"...
Optional, skipping
Handling lib "rpc-service-fs"...
The --lib flag was not given for it, checking repository
Prepared local dir: "C:\\Users\\dom\\.mos\\libs-1.18\\rpc-service-fs-1.18"
Handling lib "rpc-common"...
Already handled, skipping
Handling lib "rpc-uart"...
The --lib flag was not given for it, checking repository
Prepared local dir: "C:\\Users\\dom\\.mos\\libs-1.18\\rpc-uart-1.18"
Handling lib "rpc-common"...
Already handled, skipping
Handling lib "wifi"...
The --lib flag was not given for it, checking repository
Prepared local dir: "C:\\Users\\dom\\.mos\\libs-1.18\\wifi-1.18"
Handling lib "i2c"...
The --lib flag was not given for it, checking repository
Prepared local dir: "C:\\Users\\dom\\.mos\\libs-1.18\\i2c-1.18"
Handling lib "spi"...
The --lib flag was not given for it, checking repository
Prepared local dir: "C:\\Users\\dom\\.mos\\libs-1.18\\spi-1.18"
Handling lib "dht"...
The --lib flag was not given for it, checking repository
Prepared local dir: "C:\\Users\\dom\\.mos\\libs-1.18\\dht-1.18"
Handling lib "mjs"...
The --lib flag was not given for it, checking repository
Prepared local dir: "C:\\Users\\dom\\.mos\\libs-1.18\\mjs-1.18"
Handling lib "rpc-mqtt"...
The --lib flag was not given for it, checking repository
Prepared local dir: "C:\\Users\\dom\\.mos\\libs-1.18\\rpc-mqtt-1.18"
Handling lib "mqtt"...
The --lib flag was not given for it, checking repository
Prepared local dir: "C:\\Users\\dom\\.mos\\libs-1.18\\mqtt-1.18"
Handling lib "rpc-common"...
Already handled, skipping
Connecting to https://mongoose.cloud, user test
Uploading sources (3035 bytes)
Target  is built successfully
Handling lib "ca-bundle"...
The --lib flag was not given for it, checking repository
Prepared local dir: "C:\\Users\\dom\\.mos\\libs-1.18\\ca-bundle-1.18"
Handling lib "rpc-service-config"...
The --lib flag was not given for it, checking repository
Prepared local dir: "C:\\Users\\dom\\.mos\\libs-1.18\\rpc-service-config-1.18"
Handling lib "rpc-common"...
The --lib flag was not given for it, checking repository
Prepared local dir: "C:\\Users\\dom\\.mos\\libs-1.18\\rpc-common-1.18"
Handling lib "http-server"...
Optional, skipping
Handling lib "rpc-service-fs"...
The --lib flag was not given for it, checking repository
Prepared local dir: "C:\\Users\\dom\\.mos\\libs-1.18\\rpc-service-fs-1.18"
Handling lib "rpc-common"...
Already handled, skipping
Handling lib "rpc-uart"...
The --lib flag was not given for it, checking repository
Prepared local dir: "C:\\Users\\dom\\.mos\\libs-1.18\\rpc-uart-1.18"
Handling lib "rpc-common"...
Already handled, skipping
Handling lib "wifi"...
The --lib flag was not given for it, checking repository
Prepared local dir: "C:\\Users\\dom\\.mos\\libs-1.18\\wifi-1.18"
Handling lib "i2c"...
The --lib flag was not given for it, checking repository
Prepared local dir: "C:\\Users\\dom\\.mos\\libs-1.18\\i2c-1.18"
Handling lib "spi"...
The --lib flag was not given for it, checking repository
Prepared local dir: "C:\\Users\\dom\\.mos\\libs-1.18\\spi-1.18"
Handling lib "dht"...
The --lib flag was not given for it, checking repository
Prepared local dir: "C:\\Users\\dom\\.mos\\libs-1.18\\dht-1.18"
Handling lib "mjs"...
The --lib flag was not given for it, checking repository
Prepared local dir: "C:\\Users\\dom\\.mos\\libs-1.18\\mjs-1.18"
Handling lib "rpc-mqtt"...
The --lib flag was not given for it, checking repository
Prepared local dir: "C:\\Users\\dom\\.mos\\libs-1.18\\rpc-mqtt-1.18"
Handling lib "mqtt"...
The --lib flag was not given for it, checking repository
Prepared local dir: "C:\\Users\\dom\\.mos\\libs-1.18\\mqtt-1.18"
Handling lib "rpc-common"...
Already handled, skipping
Connecting to https://mongoose.cloud, user test
Uploading sources (3007 bytes)
